2025-11-13 19:43:47,517 - INFO - Logo processed: (1184, 864) -> black on transparent
2025-11-13 19:43:47,518 - INFO - WhatsAppEdwardLogoAdder initialized successfully
2025-11-13 19:43:47,518 - INFO - Starting batch logo addition...
2025-11-13 19:43:47,520 - INFO - Found 9 images to process
2025-11-13 19:43:47,521 - INFO - Processing image 1/9: processed_WhatsApp Image 2025-10-31 at 08.50.01_01f11d7d.jpg
2025-11-13 19:43:47,521 - INFO - Processing processed_WhatsApp Image 2025-10-31 at 08.50.01_01f11d7d.jpg...
2025-11-13 19:43:47,658 - INFO - Successfully processed: processed_WhatsApp Image 2025-10-31 at 08.50.01_01f11d7d.jpg
2025-11-13 19:43:47,661 - INFO - Processing image 2/9: processed_WhatsApp Image 2025-10-31 at 08.50.01_8919c778.jpg
2025-11-13 19:43:47,662 - INFO - Processing processed_WhatsApp Image 2025-10-31 at 08.50.01_8919c778.jpg...
2025-11-13 19:43:47,809 - INFO - Successfully processed: processed_WhatsApp Image 2025-10-31 at 08.50.01_8919c778.jpg
2025-11-13 19:43:47,810 - INFO - Processing image 3/9: processed_WhatsApp Image 2025-10-31 at 08.50.01_b85b0807.jpg
2025-11-13 19:43:47,810 - INFO - Processing processed_WhatsApp Image 2025-10-31 at 08.50.01_b85b0807.jpg...
2025-11-13 19:43:47,930 - INFO - Successfully processed: processed_WhatsApp Image 2025-10-31 at 08.50.01_b85b0807.jpg
2025-11-13 19:43:47,931 - INFO - Processing image 4/9: processed_WhatsApp Image 2025-10-31 at 08.50.02_7d833dc3.jpg
2025-11-13 19:43:47,931 - INFO - Processing processed_WhatsApp Image 2025-10-31 at 08.50.02_7d833dc3.jpg...
2025-11-13 19:43:48,065 - INFO - Successfully processed: processed_WhatsApp Image 2025-10-31 at 08.50.02_7d833dc3.jpg
2025-11-13 19:43:48,066 - INFO - Processing image 5/9: processed_WhatsApp Image 2025-10-31 at 08.50.02_f98a4de2.jpg
2025-11-13 19:43:48,066 - INFO - Processing processed_WhatsApp Image 2025-10-31 at 08.50.02_f98a4de2.jpg...
2025-11-13 19:43:48,198 - INFO - Successfully processed: processed_WhatsApp Image 2025-10-31 at 08.50.02_f98a4de2.jpg
2025-11-13 19:43:48,199 - INFO - Processing image 6/9: processed_WhatsApp Image 2025-10-31 at 08.50.03_39479986.jpg
2025-11-13 19:43:48,200 - INFO - Processing processed_WhatsApp Image 2025-10-31 at 08.50.03_39479986.jpg...
2025-11-13 19:43:48,331 - INFO - Successfully processed: processed_WhatsApp Image 2025-10-31 at 08.50.03_39479986.jpg
2025-11-13 19:43:48,332 - INFO - Processing image 7/9: processed_WhatsApp Image 2025-10-31 at 08.50.03_8af261a2.jpg
2025-11-13 19:43:48,332 - INFO - Processing processed_WhatsApp Image 2025-10-31 at 08.50.03_8af261a2.jpg...
2025-11-13 19:43:48,481 - INFO - Successfully processed: processed_WhatsApp Image 2025-10-31 at 08.50.03_8af261a2.jpg
2025-11-13 19:43:48,482 - INFO - Processing image 8/9: processed_WhatsApp Image 2025-10-31 at 08.50.03_c4788edd.jpg
2025-11-13 19:43:48,482 - INFO - Processing processed_WhatsApp Image 2025-10-31 at 08.50.03_c4788edd.jpg...
2025-11-13 19:43:48,605 - INFO - Successfully processed: processed_WhatsApp Image 2025-10-31 at 08.50.03_c4788edd.jpg
2025-11-13 19:43:48,606 - INFO - Processing image 9/9: processed_WhatsApp Image 2025-10-31 at 08.50.04_c199d9c0.jpg
2025-11-13 19:43:48,607 - INFO - Processing processed_WhatsApp Image 2025-10-31 at 08.50.04_c199d9c0.jpg...
2025-11-13 19:43:48,845 - INFO - Successfully processed: processed_WhatsApp Image 2025-10-31 at 08.50.04_c199d9c0.jpg
2025-11-13 19:43:48,847 - INFO - Batch logo addition complete: 9/9 successful
2025-11-13 19:43:48,848 - INFO - Logo Addition Summary:
2025-11-13 19:43:48,848 - INFO - Total processed: 9
2025-11-13 19:43:48,848 - INFO - Successful: 9
2025-11-13 19:43:48,849 - INFO - Failed: 0
2025-11-13 19:43:48,849 - INFO - Success rate: 100.0%
2025-11-13 19:43:48,849 - INFO - Images with logos saved to: whatsapp-from-edward\with_unified_logos
2025-11-13 21:37:24,671 - INFO - Logo processed: (1184, 864)
2025-11-13 21:37:24,672 - INFO - LogoAdder initialized
2025-11-13 21:37:24,674 - INFO - Found 15 images in chosen directory
2025-11-13 21:37:24,952 - INFO - Added logo to processed_WhatsApp Image 2025-10-31 at 08.50.01_01f11d7d.jpg
2025-11-13 21:37:25,213 - INFO - Added logo to processed_WhatsApp Image 2025-10-31 at 08.50.01_8919c778.jpg
2025-11-13 21:37:25,501 - INFO - Added logo to processed_WhatsApp Image 2025-10-31 at 08.50.01_8919c7781.jpg
2025-11-13 21:37:25,746 - INFO - Added logo to processed_WhatsApp Image 2025-10-31 at 08.50.01_b85b0807.jpg
2025-11-13 21:37:25,976 - INFO - Added logo to processed_WhatsApp Image 2025-10-31 at 08.50.01_b85b08071.jpg
2025-11-13 21:37:26,229 - INFO - Added logo to processed_WhatsApp Image 2025-10-31 at 08.50.02_7d833dc3.jpg
2025-11-13 21:37:26,468 - INFO - Added logo to processed_WhatsApp Image 2025-10-31 at 08.50.02_7d833dc31.jpg
2025-11-13 21:37:26,703 - INFO - Added logo to processed_WhatsApp Image 2025-10-31 at 08.50.02_7d833dc341.jpg
2025-11-13 21:37:26,996 - INFO - Added logo to processed_WhatsApp Image 2025-10-31 at 08.50.02_f98a4de2.jpg
2025-11-13 21:37:27,215 - INFO - Added logo to processed_WhatsApp Image 2025-10-31 at 08.50.02_f98a4de261.jpg
2025-11-13 21:37:27,481 - INFO - Added logo to processed_WhatsApp Image 2025-10-31 at 08.50.03_8af261a2.jpg
2025-11-13 21:37:27,828 - INFO - Added logo to processed_WhatsApp Image 2025-10-31 at 08.50.03_c4788edd.jpg
2025-11-13 21:37:28,139 - INFO - Added logo to processed_WhatsApp Image 2025-10-31 at 08.50.03_c4788edd1.jpg
2025-11-13 21:37:28,520 - INFO - Added logo to processed_WhatsApp Image 2025-10-31 at 08.50.04_c199d9c0.jpg
2025-11-13 21:37:28,847 - INFO - Added logo to processed_WhatsApp Image 2025-10-31 at 08.50.04_c199d9c01.jpg
2025-11-13 21:37:28,858 - INFO - Logo addition complete: 15/15 successful
2025-11-13 21:37:28,858 - INFO - All images processed successfully!
